# JRE version: OpenJDK Runtime Environment (11.0.8+10) (build 11.0.8+10-b944.6842174)
# Java VM: OpenJDK 64-Bit Server VM (11.0.8+10-b944.6842174, mixed mode, tiered, compressed oops, g1 gc, windows-amd64)
Heap:
 garbage-first heap   total 129024K, used 13800K [0x0000000082800000, 0x0000000100000000)
  region size 1024K, 6 young (6144K), 3 survivors (3072K)
 Metaspace       used 16800K, capacity 17076K, committed 17408K, reserved 1064960K
  class space    used 1834K, capacity 1948K, committed 2048K, reserved 1048576K
GC Heap History (12 events):
Event: 0.910 GC heap before
{Heap before GC invocations=0 (full 0):
 garbage-first heap   total 129024K, used 29696K [0x0000000082800000, 0x0000000100000000)
  region size 1024K, 24 young (24576K), 0 survivors (0K)
 Metaspace       used 11454K, capacity 11649K, committed 11904K, reserved 1060864K
  class space    used 1244K, capacity 1308K, committed 1408K, reserved 1048576K
}
Event: 0.917 GC heap after
{Heap after GC invocations=1 (full 0):
 garbage-first heap   total 129024K, used 8515K [0x0000000082800000, 0x0000000100000000)
  region size 1024K, 3 young (3072K), 3 survivors (3072K)
 Metaspace       used 11454K, capacity 11649K, committed 11904K, reserved 1060864K
  class space    used 1244K, capacity 1308K, committed 1408K, reserved 1048576K
}
Event: 33.780 GC heap before
{Heap before GC invocations=1 (full 0):
 garbage-first heap   total 129024K, used 82243K [0x0000000082800000, 0x0000000100000000)
  region size 1024K, 75 young (76800K), 3 survivors (3072K)
 Metaspace       used 16416K, capacity 16682K, committed 16896K, reserved 1064960K
  class space    used 1829K, capacity 1946K, committed 2048K, reserved 1048576K
}
Event: 33.786 GC heap after
{Heap after GC invocations=2 (full 0):
 garbage-first heap   total 129024K, used 10771K [0x0000000082800000, 0x0000000100000000)
  region size 1024K, 6 young (6144K), 6 survivors (6144K)
 Metaspace       used 16416K, capacity 16682K, committed 16896K, reserved 1064960K
  class space    used 1829K, capacity 1946K, committed 2048K, reserved 1048576K
}
Event: 78.095 GC heap before
{Heap before GC invocations=2 (full 0):
 garbage-first heap   total 129024K, used 81427K [0x0000000082800000, 0x0000000100000000)
  region size 1024K, 75 young (76800K), 6 survivors (6144K)
 Metaspace       used 16537K, capacity 16816K, committed 17152K, reserved 1064960K
  class space    used 1830K, capacity 1947K, committed 2048K, reserved 1048576K
}
Event: 78.101 GC heap after
{Heap after GC invocations=3 (full 0):
 garbage-first heap   total 129024K, used 11703K [0x0000000082800000, 0x0000000100000000)
  region size 1024K, 7 young (7168K), 7 survivors (7168K)
 Metaspace       used 16537K, capacity 16816K, committed 17152K, reserved 1064960K
  class space    used 1830K, capacity 1947K, committed 2048K, reserved 1048576K
}
Event: 119.687 GC heap before
{Heap before GC invocations=3 (full 0):
 garbage-first heap   total 129024K, used 81335K [0x0000000082800000, 0x0000000100000000)
  region size 1024K, 75 young (76800K), 7 survivors (7168K)
 Metaspace       used 16624K, capacity 16944K, committed 17152K, reserved 1064960K
  class space    used 1830K, capacity 1947K, committed 2048K, reserved 1048576K
}
Event: 119.706 GC heap after
{Heap after GC invocations=4 (full 0):
 garbage-first heap   total 129024K, used 11119K [0x0000000082800000, 0x0000000100000000)
  region size 1024K, 3 young (3072K), 3 survivors (3072K)
 Metaspace       used 16624K, capacity 16944K, committed 17152K, reserved 1064960K
  class space    used 1830K, capacity 1947K, committed 2048K, reserved 1048576K
}
Event: 164.273 GC heap before
{Heap before GC invocations=4 (full 0):
 garbage-first heap   total 129024K, used 84847K [0x0000000082800000, 0x0000000100000000)
  region size 1024K, 75 young (76800K), 3 survivors (3072K)
 Metaspace       used 16694K, capacity 17009K, committed 17152K, reserved 1064960K
  class space    used 1830K, capacity 1947K, committed 2048K, reserved 1048576K
}
Event: 164.298 GC heap after
{Heap after GC invocations=5 (full 0):
 garbage-first heap   total 129024K, used 11114K [0x0000000082800000, 0x0000000100000000)
  region size 1024K, 3 young (3072K), 3 survivors (3072K)
 Metaspace       used 16694K, capacity 17009K, committed 17152K, reserved 1064960K
  class space    used 1830K, capacity 1947K, committed 2048K, reserved 1048576K
}
Event: 211.688 GC heap before
{Heap before GC invocations=5 (full 0):
 garbage-first heap   total 129024K, used 84842K [0x0000000082800000, 0x0000000100000000)
  region size 1024K, 75 young (76800K), 3 survivors (3072K)
 Metaspace       used 16793K, capacity 17073K, committed 17408K, reserved 1064960K
  class space    used 1833K, capacity 1947K, committed 2048K, reserved 1048576K
}
Event: 211.715 GC heap after
{Heap after GC invocations=6 (full 0):
 garbage-first heap   total 129024K, used 11752K [0x0000000082800000, 0x0000000100000000)
  region size 1024K, 3 young (3072K), 3 survivors (3072K)
 Metaspace       used 16793K, capacity 17073K, committed 17408K, reserved 1064960K
  class space    used 1833K, capacity 1947K, committed 2048K, reserved 1048576K
}

